-------------------------------------------------------------------------------
Test set: org.springframework.samples.petclinic.web.OwnerControllerTests
-------------------------------------------------------------------------------
Tests run: 11, Failures: 2, Errors: 0, Skipped: 0, Time elapsed: 0.91 sec <<< FAILURE!
testProcessFindFormNoOwnersFound(org.springframework.samples.petclinic.web.OwnerControllerTests)  Time elapsed: 0.021 sec  <<< FAILURE!
java.lang.AssertionError: No errors for field 'lastName' of attribute 'owner'
	at org.springframework.test.util.AssertionErrors.fail(AssertionErrors.java:35)
	at org.springframework.test.util.AssertionErrors.assertTrue(AssertionErrors.java:65)
	at org.springframework.test.web.servlet.result.ModelResultMatchers$8.match(ModelResultMatchers.java:163)
	at org.springframework.test.web.servlet.MockMvc$1.andExpect(MockMvc.java:171)
	at org.springframework.samples.petclinic.web.OwnerControllerTests.testProcessFindFormNoOwnersFound(OwnerControllerTests.java:128)

testProcessFindFormSuccess(org.springframework.samples.petclinic.web.OwnerControllerTests)  Time elapsed: 0.014 sec  <<< FAILURE!
java.lang.AssertionError: View name expected:<owners/ownersList> but was:<owners/findOwners>
	at org.springframework.test.util.AssertionErrors.fail(AssertionErrors.java:54)
	at org.springframework.test.util.AssertionErrors.assertEquals(AssertionErrors.java:81)
	at org.springframework.test.web.servlet.result.ViewResultMatchers$2.match(ViewResultMatchers.java:70)
	at org.springframework.test.web.servlet.MockMvc$1.andExpect(MockMvc.java:171)
	at org.springframework.samples.petclinic.web.OwnerControllerTests.testProcessFindFormSuccess(OwnerControllerTests.java:108)

